[0.013s] Invoking command in '/home/robot/robot_ws/nera_bot/build/nera_bot': CMAKE_PREFIX_PATH=${CMAKE_PREFIX_PATH}:/opt/ros/jazzy /usr/bin/cmake /home/robot/robot_ws/nera_bot -DCMAKE_INSTALL_PREFIX=/home/robot/robot_ws/nera_bot/install/nera_bot
[0.035s] -- Found ament_cmake: 2.5.2 (/opt/ros/jazzy/share/ament_cmake/cmake)
[0.354s] -- Override CMake install command with custom implementation using symlinks instead of copying resources
[0.364s] -- Found ament_lint_auto: 0.17.1 (/opt/ros/jazzy/share/ament_lint_auto/cmake)
[0.523s] -- Added test 'copyright' to check source files copyright and LICENSE
[0.551s] -- Added test 'cppcheck' to perform static code analysis on C / C++ code
[0.551s] -- Configured cppcheck include dirs: 
[0.551s] -- Configured cppcheck exclude dirs and/or files: 
[0.577s] -- Added test 'cpplint' to check C / C++ code against the Google style
[0.577s] -- Configured cpplint exclude dirs and/or files: 
[0.580s] -- Added test 'flake8' to check Python code syntax and style conventions
[0.580s] -- Configured 'flake8' exclude dirs and/or files: 
[0.587s] -- Added test 'lint_cmake' to check CMake code style
[0.591s] -- Added test 'pep257' to check Python code against some of the docstring style conventions in PEP 257
[0.616s] -- Added test 'uncrustify' to check C / C++ code style
[0.616s] -- Configured uncrustify additional arguments: 
[0.620s] -- Added test 'xmllint' to check XML markup files
[0.621s] -- Configuring done (0.6s)
[0.626s] -- Generating done (0.0s)
[0.629s] -- Build files have been written to: /home/robot/robot_ws/nera_bot/build/nera_bot
[0.634s] Invoked command in '/home/robot/robot_ws/nera_bot/build/nera_bot' returned '0': CMAKE_PREFIX_PATH=${CMAKE_PREFIX_PATH}:/opt/ros/jazzy /usr/bin/cmake /home/robot/robot_ws/nera_bot -DCMAKE_INSTALL_PREFIX=/home/robot/robot_ws/nera_bot/install/nera_bot
[0.637s] Invoking command in '/home/robot/robot_ws/nera_bot/build/nera_bot': CMAKE_PREFIX_PATH=${CMAKE_PREFIX_PATH}:/opt/ros/jazzy /usr/bin/cmake --build /home/robot/robot_ws/nera_bot/build/nera_bot -- -j4 -l4
[0.704s] Invoked command in '/home/robot/robot_ws/nera_bot/build/nera_bot' returned '0': CMAKE_PREFIX_PATH=${CMAKE_PREFIX_PATH}:/opt/ros/jazzy /usr/bin/cmake --build /home/robot/robot_ws/nera_bot/build/nera_bot -- -j4 -l4
[0.722s] Invoking command in '/home/robot/robot_ws/nera_bot/build/nera_bot': CMAKE_PREFIX_PATH=${CMAKE_PREFIX_PATH}:/opt/ros/jazzy /usr/bin/cmake --install /home/robot/robot_ws/nera_bot/build/nera_bot
[0.736s] -- Install configuration: ""
[0.736s] -- Execute custom install script
[0.737s] -- Up-to-date symlink: /home/robot/robot_ws/nera_bot/install/nera_bot/share/nera_bot/config/empty.yaml
[0.737s] -- Up-to-date symlink: /home/robot/robot_ws/nera_bot/install/nera_bot/share/nera_bot/config/gaz_ros2_ctl_use_sim.yaml
[0.737s] -- Up-to-date symlink: /home/robot/robot_ws/nera_bot/install/nera_bot/share/nera_bot/config/gz_bridge.yaml
[0.737s] -- Up-to-date symlink: /home/robot/robot_ws/nera_bot/install/nera_bot/share/nera_bot/config/imu_filter.yaml
[0.737s] -- Up-to-date symlink: /home/robot/robot_ws/nera_bot/install/nera_bot/share/nera_bot/config/joystick.yaml
[0.738s] -- Up-to-date symlink: /home/robot/robot_ws/nera_bot/install/nera_bot/share/nera_bot/config/my_controllers.yaml
[0.738s] -- Up-to-date symlink: /home/robot/robot_ws/nera_bot/install/nera_bot/share/nera_bot/config/robot_localization.yaml
[0.738s] -- Up-to-date symlink: /home/robot/robot_ws/nera_bot/install/nera_bot/share/nera_bot/config/twist_mux.yaml
[0.738s] -- Up-to-date symlink: /home/robot/robot_ws/nera_bot/install/nera_bot/share/nera_bot/config/view_bot.rviz
[0.738s] -- Up-to-date symlink: /home/robot/robot_ws/nera_bot/install/nera_bot/share/nera_bot/description/depth_camera.xacro
[0.738s] -- Up-to-date symlink: /home/robot/robot_ws/nera_bot/install/nera_bot/share/nera_bot/description/imu.xacro
[0.739s] -- Up-to-date symlink: /home/robot/robot_ws/nera_bot/install/nera_bot/share/nera_bot/description/inertial_macros.xacro
[0.739s] -- Up-to-date symlink: /home/robot/robot_ws/nera_bot/install/nera_bot/share/nera_bot/description/robot.urdf.xacro
[0.739s] -- Up-to-date symlink: /home/robot/robot_ws/nera_bot/install/nera_bot/share/nera_bot/description/robot_core.xacro
[0.739s] -- Up-to-date symlink: /home/robot/robot_ws/nera_bot/install/nera_bot/share/nera_bot/description/ros2_control.xacro
[0.739s] -- Up-to-date symlink: /home/robot/robot_ws/nera_bot/install/nera_bot/share/nera_bot/launch/joystick.launch.py
[0.739s] -- Up-to-date symlink: /home/robot/robot_ws/nera_bot/install/nera_bot/share/nera_bot/launch/launch_robot.launch.py
[0.740s] -- Up-to-date symlink: /home/robot/robot_ws/nera_bot/install/nera_bot/share/nera_bot/launch/launch_sim.launch.py
[0.740s] -- Up-to-date symlink: /home/robot/robot_ws/nera_bot/install/nera_bot/share/nera_bot/launch/rsp.launch.py
[0.740s] -- Up-to-date symlink: /home/robot/robot_ws/nera_bot/install/nera_bot/share/nera_bot/worlds/empty.world
[0.740s] -- Up-to-date symlink: /home/robot/robot_ws/nera_bot/install/nera_bot/share/ament_index/resource_index/package_run_dependencies/nera_bot
[0.740s] -- Up-to-date symlink: /home/robot/robot_ws/nera_bot/install/nera_bot/share/ament_index/resource_index/parent_prefix_path/nera_bot
[0.741s] -- Up-to-date symlink: /home/robot/robot_ws/nera_bot/install/nera_bot/share/nera_bot/environment/ament_prefix_path.sh
[0.741s] -- Up-to-date symlink: /home/robot/robot_ws/nera_bot/install/nera_bot/share/nera_bot/environment/ament_prefix_path.dsv
[0.741s] -- Up-to-date symlink: /home/robot/robot_ws/nera_bot/install/nera_bot/share/nera_bot/environment/path.sh
[0.741s] -- Up-to-date symlink: /home/robot/robot_ws/nera_bot/install/nera_bot/share/nera_bot/environment/path.dsv
[0.741s] -- Up-to-date symlink: /home/robot/robot_ws/nera_bot/install/nera_bot/share/nera_bot/local_setup.bash
[0.742s] -- Up-to-date symlink: /home/robot/robot_ws/nera_bot/install/nera_bot/share/nera_bot/local_setup.sh
[0.742s] -- Up-to-date symlink: /home/robot/robot_ws/nera_bot/install/nera_bot/share/nera_bot/local_setup.zsh
[0.742s] -- Up-to-date symlink: /home/robot/robot_ws/nera_bot/install/nera_bot/share/nera_bot/local_setup.dsv
[0.742s] -- Symlinking: /home/robot/robot_ws/nera_bot/install/nera_bot/share/nera_bot/package.dsv
[0.759s] -- Up-to-date symlink: /home/robot/robot_ws/nera_bot/install/nera_bot/share/ament_index/resource_index/packages/nera_bot
[0.759s] -- Up-to-date symlink: /home/robot/robot_ws/nera_bot/install/nera_bot/share/nera_bot/cmake/nera_botConfig.cmake
[0.759s] -- Up-to-date symlink: /home/robot/robot_ws/nera_bot/install/nera_bot/share/nera_bot/cmake/nera_botConfig-version.cmake
[0.760s] -- Up-to-date symlink: /home/robot/robot_ws/nera_bot/install/nera_bot/share/nera_bot/package.xml
[0.763s] Invoked command in '/home/robot/robot_ws/nera_bot/build/nera_bot' returned '0': CMAKE_PREFIX_PATH=${CMAKE_PREFIX_PATH}:/opt/ros/jazzy /usr/bin/cmake --install /home/robot/robot_ws/nera_bot/build/nera_bot
