[0.139s] DEBUG:colcon:Command line arguments: ['/usr/bin/colcon', 'build']
[0.139s] DEBUG:colcon:Parsed command line arguments: Namespace(log_base=None, log_level=None, verb_name='build', build_base='build', install_base='install', merge_install=False, symlink_install=False, test_result_base=None, continue_on_error=False, executor='parallel', parallel_workers=4, event_handlers=None, ignore_user_meta=False, metas=['./colcon.meta'], base_paths=['.'], packages_ignore=None, packages_ignore_regex=None, paths=None, packages_up_to=None, packages_up_to_regex=None, packages_above=None, packages_above_and_dependencies=None, packages_above_depth=None, packages_select_by_dep=None, packages_skip_by_dep=None, packages_skip_up_to=None, packages_select_build_failed=False, packages_skip_build_finished=False, packages_select_test_failures=False, packages_skip_test_passed=False, packages_select=None, packages_skip=None, packages_select_regex=None, packages_skip_regex=None, packages_start=None, packages_end=None, allow_overriding=[], cmake_args=None, cmake_target=None, cmake_target_skip_unavailable=False, cmake_clean_cache=False, cmake_clean_first=False, cmake_force_configure=False, ament_cmake_args=None, catkin_cmake_args=None, catkin_skip_building_tests=False, mixin_files=None, mixin=None, verb_parser=<colcon_mixin.mixin.mixin_argument.MixinArgumentDecorator object at 0xffffbb75b2f0>, verb_extension=<colcon_core.verb.build.BuildVerb object at 0xffffbb75aff0>, main=<bound method BuildVerb.main of <colcon_core.verb.build.BuildVerb object at 0xffffbb75aff0>>, mixin_verb=('build',))
[0.196s] Level 1:colcon.colcon_core.package_discovery:discover_packages(colcon_meta) check parameters
[0.196s] Level 1:colcon.colcon_core.package_discovery:discover_packages(recursive) check parameters
[0.196s] Level 1:colcon.colcon_core.package_discovery:discover_packages(ignore) check parameters
[0.196s] Level 1:colcon.colcon_core.package_discovery:discover_packages(path) check parameters
[0.196s] Level 1:colcon.colcon_core.package_discovery:discover_packages(colcon_meta) discover
[0.196s] Level 1:colcon.colcon_core.package_discovery:discover_packages(recursive) discover
[0.196s] INFO:colcon.colcon_core.package_discovery:Crawling recursively for packages in '/home/robot/robot_ws/nera_bot'
[0.196s] Level 1:colcon.colcon_core.package_identification:_identify(.) by extensions ['ignore', 'ignore_ament_install']
[0.196s] Level 1:colcon.colcon_core.package_identification:_identify(.) by extension 'ignore'
[0.196s] Level 1:colcon.colcon_core.package_identification:_identify(.) by extension 'ignore_ament_install'
[0.196s] Level 1:colcon.colcon_core.package_identification:_identify(.) by extensions ['colcon_pkg']
[0.196s] Level 1:colcon.colcon_core.package_identification:_identify(.) by extension 'colcon_pkg'
[0.197s] Level 1:colcon.colcon_core.package_identification:_identify(.) by extensions ['colcon_meta']
[0.197s] Level 1:colcon.colcon_core.package_identification:_identify(.) by extension 'colcon_meta'
[0.197s] Level 1:colcon.colcon_core.package_identification:_identify(.) by extensions ['ros']
[0.197s] Level 1:colcon.colcon_core.package_identification:_identify(.) by extension 'ros'
[0.239s] DEBUG:colcon.colcon_core.package_identification:Package '.' with type 'ros.ament_cmake' and name 'nera_bot'
[0.239s] Level 1:colcon.colcon_core.package_discovery:discover_packages(recursive) using defaults
[0.239s] Level 1:colcon.colcon_core.package_discovery:discover_packages(ignore) discover
[0.239s] Level 1:colcon.colcon_core.package_discovery:discover_packages(ignore) using defaults
[0.239s] Level 1:colcon.colcon_core.package_discovery:discover_packages(path) discover
[0.239s] Level 1:colcon.colcon_core.package_discovery:discover_packages(path) using defaults
[0.262s] Level 1:colcon.colcon_core.package_discovery:discover_packages(prefix_path) check parameters
[0.262s] Level 1:colcon.colcon_core.package_discovery:discover_packages(prefix_path) discover
[0.263s] WARNING:colcon.colcon_core.prefix_path.colcon:The path '/home/robot/robot_ws/install' in the environment variable COLCON_PREFIX_PATH doesn't exist
[0.263s] WARNING:colcon.colcon_ros.prefix_path.ament:The path '/home/robot/robot_ws/install/ros2_nera_hardware_interface' in the environment variable AMENT_PREFIX_PATH doesn't exist
[0.263s] WARNING:colcon.colcon_ros.prefix_path.ament:The path '/home/robot/robot_ws/install/nera_bot' in the environment variable AMENT_PREFIX_PATH doesn't exist
[0.263s] WARNING:colcon.colcon_ros.prefix_path.catkin:The path '/home/robot/robot_ws/install/ros2_nera_hardware_interface' in the environment variable CMAKE_PREFIX_PATH doesn't exist
[0.264s] WARNING:colcon.colcon_ros.prefix_path.catkin:The path '/home/robot/robot_ws/install/nera_bot' in the environment variable CMAKE_PREFIX_PATH doesn't exist
[0.266s] DEBUG:colcon.colcon_installed_package_information.package_discovery:Found 268 installed packages in /opt/ros/jazzy
[0.267s] Level 1:colcon.colcon_core.package_discovery:discover_packages(prefix_path) using defaults
[0.318s] Level 5:colcon.colcon_core.verb:set package 'nera_bot' build argument 'cmake_args' from command line to 'None'
[0.318s] Level 5:colcon.colcon_core.verb:set package 'nera_bot' build argument 'cmake_target' from command line to 'None'
[0.318s] Level 5:colcon.colcon_core.verb:set package 'nera_bot' build argument 'cmake_target_skip_unavailable' from command line to 'False'
[0.318s] Level 5:colcon.colcon_core.verb:set package 'nera_bot' build argument 'cmake_clean_cache' from command line to 'False'
[0.318s] Level 5:colcon.colcon_core.verb:set package 'nera_bot' build argument 'cmake_clean_first' from command line to 'False'
[0.318s] Level 5:colcon.colcon_core.verb:set package 'nera_bot' build argument 'cmake_force_configure' from command line to 'False'
[0.318s] Level 5:colcon.colcon_core.verb:set package 'nera_bot' build argument 'ament_cmake_args' from command line to 'None'
[0.318s] Level 5:colcon.colcon_core.verb:set package 'nera_bot' build argument 'catkin_cmake_args' from command line to 'None'
[0.318s] Level 5:colcon.colcon_core.verb:set package 'nera_bot' build argument 'catkin_skip_building_tests' from command line to 'False'
[0.318s] DEBUG:colcon.colcon_core.verb:Building package 'nera_bot' with the following arguments: {'ament_cmake_args': None, 'build_base': '/home/robot/robot_ws/nera_bot/build/nera_bot', 'catkin_cmake_args': None, 'catkin_skip_building_tests': False, 'cmake_args': None, 'cmake_clean_cache': False, 'cmake_clean_first': False, 'cmake_force_configure': False, 'cmake_target': None, 'cmake_target_skip_unavailable': False, 'install_base': '/home/robot/robot_ws/nera_bot/install/nera_bot', 'merge_install': False, 'path': '/home/robot/robot_ws/nera_bot', 'symlink_install': False, 'test_result_base': None}
[0.318s] INFO:colcon.colcon_core.executor:Executing jobs using 'parallel' executor
[0.320s] DEBUG:colcon.colcon_parallel_executor.executor.parallel:run_until_complete
[0.320s] INFO:colcon.colcon_ros.task.ament_cmake.build:Building ROS package in '/home/robot/robot_ws/nera_bot' with build type 'ament_cmake'
[0.320s] INFO:colcon.colcon_cmake.task.cmake.build:Building CMake package in '/home/robot/robot_ws/nera_bot'
[0.323s] INFO:colcon.colcon_core.plugin_system:Skipping extension 'colcon_core.shell.bat': Not used on non-Windows systems
[0.323s] INFO:colcon.colcon_core.shell:Skip shell extension 'powershell' for command environment: Not usable outside of PowerShell
[0.323s] DEBUG:colcon.colcon_core.shell:Skip shell extension 'dsv' for command environment
[0.333s] DEBUG:colcon.colcon_core.event_handler.log_command:Invoking command in '/home/robot/robot_ws/nera_bot/build/nera_bot': CMAKE_PREFIX_PATH=${CMAKE_PREFIX_PATH}:/opt/ros/jazzy /usr/bin/cmake /home/robot/robot_ws/nera_bot -DCMAKE_INSTALL_PREFIX=/home/robot/robot_ws/nera_bot/install/nera_bot
[0.955s] DEBUG:colcon.colcon_core.event_handler.log_command:Invoked command in '/home/robot/robot_ws/nera_bot/build/nera_bot' returned '0': CMAKE_PREFIX_PATH=${CMAKE_PREFIX_PATH}:/opt/ros/jazzy /usr/bin/cmake /home/robot/robot_ws/nera_bot -DCMAKE_INSTALL_PREFIX=/home/robot/robot_ws/nera_bot/install/nera_bot
[0.957s] DEBUG:colcon.colcon_core.event_handler.log_command:Invoking command in '/home/robot/robot_ws/nera_bot/build/nera_bot': CMAKE_PREFIX_PATH=${CMAKE_PREFIX_PATH}:/opt/ros/jazzy /usr/bin/cmake --build /home/robot/robot_ws/nera_bot/build/nera_bot -- -j4 -l4
[1.024s] DEBUG:colcon.colcon_core.event_handler.log_command:Invoked command in '/home/robot/robot_ws/nera_bot/build/nera_bot' returned '0': CMAKE_PREFIX_PATH=${CMAKE_PREFIX_PATH}:/opt/ros/jazzy /usr/bin/cmake --build /home/robot/robot_ws/nera_bot/build/nera_bot -- -j4 -l4
[1.042s] DEBUG:colcon.colcon_core.event_handler.log_command:Invoking command in '/home/robot/robot_ws/nera_bot/build/nera_bot': CMAKE_PREFIX_PATH=${CMAKE_PREFIX_PATH}:/opt/ros/jazzy /usr/bin/cmake --install /home/robot/robot_ws/nera_bot/build/nera_bot
[1.082s] Level 1:colcon.colcon_core.environment:create_environment_scripts_only(nera_bot)
[1.083s] DEBUG:colcon.colcon_core.event_handler.log_command:Invoked command in '/home/robot/robot_ws/nera_bot/build/nera_bot' returned '0': CMAKE_PREFIX_PATH=${CMAKE_PREFIX_PATH}:/opt/ros/jazzy /usr/bin/cmake --install /home/robot/robot_ws/nera_bot/build/nera_bot
[1.087s] Level 1:colcon.colcon_core.environment:checking '/home/robot/robot_ws/nera_bot/install/nera_bot' for CMake module files
[1.088s] Level 1:colcon.colcon_core.environment:checking '/home/robot/robot_ws/nera_bot/install/nera_bot' for CMake config files
[1.088s] Level 1:colcon.colcon_core.shell:create_environment_hook('nera_bot', 'cmake_prefix_path')
[1.088s] INFO:colcon.colcon_core.shell:Creating environment hook '/home/robot/robot_ws/nera_bot/install/nera_bot/share/nera_bot/hook/cmake_prefix_path.ps1'
[1.089s] INFO:colcon.colcon_core.shell:Creating environment descriptor '/home/robot/robot_ws/nera_bot/install/nera_bot/share/nera_bot/hook/cmake_prefix_path.dsv'
[1.090s] INFO:colcon.colcon_core.shell:Creating environment hook '/home/robot/robot_ws/nera_bot/install/nera_bot/share/nera_bot/hook/cmake_prefix_path.sh'
[1.091s] Level 1:colcon.colcon_core.environment:checking '/home/robot/robot_ws/nera_bot/install/nera_bot/bin'
[1.091s] Level 1:colcon.colcon_core.environment:checking '/home/robot/robot_ws/nera_bot/install/nera_bot/lib/pkgconfig/nera_bot.pc'
[1.091s] Level 1:colcon.colcon_core.environment:checking '/home/robot/robot_ws/nera_bot/install/nera_bot/lib/python3.12/site-packages'
[1.091s] Level 1:colcon.colcon_core.environment:checking '/home/robot/robot_ws/nera_bot/install/nera_bot/bin'
[1.092s] INFO:colcon.colcon_core.shell:Creating package script '/home/robot/robot_ws/nera_bot/install/nera_bot/share/nera_bot/package.ps1'
[1.093s] INFO:colcon.colcon_core.shell:Creating package descriptor '/home/robot/robot_ws/nera_bot/install/nera_bot/share/nera_bot/package.dsv'
[1.093s] INFO:colcon.colcon_core.shell:Creating package script '/home/robot/robot_ws/nera_bot/install/nera_bot/share/nera_bot/package.sh'
[1.094s] INFO:colcon.colcon_core.shell:Creating package script '/home/robot/robot_ws/nera_bot/install/nera_bot/share/nera_bot/package.bash'
[1.095s] INFO:colcon.colcon_core.shell:Creating package script '/home/robot/robot_ws/nera_bot/install/nera_bot/share/nera_bot/package.zsh'
[1.096s] Level 1:colcon.colcon_core.environment:create_file_with_runtime_dependencies(/home/robot/robot_ws/nera_bot/install/nera_bot/share/colcon-core/packages/nera_bot)
[1.096s] Level 1:colcon.colcon_core.environment:create_environment_scripts_only(nera_bot)
[1.097s] Level 1:colcon.colcon_core.environment:checking '/home/robot/robot_ws/nera_bot/install/nera_bot' for CMake module files
[1.097s] Level 1:colcon.colcon_core.environment:checking '/home/robot/robot_ws/nera_bot/install/nera_bot' for CMake config files
[1.098s] Level 1:colcon.colcon_core.shell:create_environment_hook('nera_bot', 'cmake_prefix_path')
[1.098s] INFO:colcon.colcon_core.shell:Creating environment hook '/home/robot/robot_ws/nera_bot/install/nera_bot/share/nera_bot/hook/cmake_prefix_path.ps1'
[1.099s] INFO:colcon.colcon_core.shell:Creating environment descriptor '/home/robot/robot_ws/nera_bot/install/nera_bot/share/nera_bot/hook/cmake_prefix_path.dsv'
[1.100s] INFO:colcon.colcon_core.shell:Creating environment hook '/home/robot/robot_ws/nera_bot/install/nera_bot/share/nera_bot/hook/cmake_prefix_path.sh'
[1.101s] Level 1:colcon.colcon_core.environment:checking '/home/robot/robot_ws/nera_bot/install/nera_bot/bin'
[1.101s] Level 1:colcon.colcon_core.environment:checking '/home/robot/robot_ws/nera_bot/install/nera_bot/lib/pkgconfig/nera_bot.pc'
[1.101s] Level 1:colcon.colcon_core.environment:checking '/home/robot/robot_ws/nera_bot/install/nera_bot/lib/python3.12/site-packages'
[1.102s] Level 1:colcon.colcon_core.environment:checking '/home/robot/robot_ws/nera_bot/install/nera_bot/bin'
[1.102s] INFO:colcon.colcon_core.shell:Creating package script '/home/robot/robot_ws/nera_bot/install/nera_bot/share/nera_bot/package.ps1'
[1.103s] INFO:colcon.colcon_core.shell:Creating package descriptor '/home/robot/robot_ws/nera_bot/install/nera_bot/share/nera_bot/package.dsv'
[1.104s] INFO:colcon.colcon_core.shell:Creating package script '/home/robot/robot_ws/nera_bot/install/nera_bot/share/nera_bot/package.sh'
[1.105s] INFO:colcon.colcon_core.shell:Creating package script '/home/robot/robot_ws/nera_bot/install/nera_bot/share/nera_bot/package.bash'
[1.106s] INFO:colcon.colcon_core.shell:Creating package script '/home/robot/robot_ws/nera_bot/install/nera_bot/share/nera_bot/package.zsh'
[1.106s] Level 1:colcon.colcon_core.environment:create_file_with_runtime_dependencies(/home/robot/robot_ws/nera_bot/install/nera_bot/share/colcon-core/packages/nera_bot)
[1.107s] DEBUG:colcon.colcon_parallel_executor.executor.parallel:closing loop
[1.107s] DEBUG:colcon.colcon_parallel_executor.executor.parallel:loop closed
[1.108s] DEBUG:colcon.colcon_parallel_executor.executor.parallel:run_until_complete finished with '0'
[1.108s] DEBUG:colcon.colcon_core.event_reactor:joining thread
[1.115s] INFO:colcon.colcon_core.plugin_system:Skipping extension 'colcon_notification.desktop_notification.notify_send': Could not find 'notify-send'
[1.116s] INFO:colcon.colcon_core.plugin_system:Skipping extension 'colcon_notification.desktop_notification.terminal_notifier': Not used on non-Darwin systems
[1.116s] INFO:colcon.colcon_core.plugin_system:Skipping extension 'colcon_notification.desktop_notification.win32': Not used on non-Windows systems
[1.116s] INFO:colcon.colcon_notification.desktop_notification:Sending desktop notification using 'notify2'
[1.117s] DEBUG:colcon.colcon_notification.desktop_notification.notify2:Failed to initialize notify2: org.freedesktop.DBus.Error.ServiceUnknown: The name org.freedesktop.Notifications was not provided by any .service files
[1.117s] DEBUG:colcon.colcon_core.event_reactor:joined thread
[1.117s] INFO:colcon.colcon_core.shell:Creating prefix script '/home/robot/robot_ws/nera_bot/install/local_setup.ps1'
[1.119s] INFO:colcon.colcon_core.shell:Creating prefix util module '/home/robot/robot_ws/nera_bot/install/_local_setup_util_ps1.py'
[1.120s] INFO:colcon.colcon_core.shell:Creating prefix chain script '/home/robot/robot_ws/nera_bot/install/setup.ps1'
[1.121s] INFO:colcon.colcon_core.shell:Creating prefix script '/home/robot/robot_ws/nera_bot/install/local_setup.sh'
[1.122s] INFO:colcon.colcon_core.shell:Creating prefix util module '/home/robot/robot_ws/nera_bot/install/_local_setup_util_sh.py'
[1.123s] INFO:colcon.colcon_core.shell:Creating prefix chain script '/home/robot/robot_ws/nera_bot/install/setup.sh'
[1.124s] INFO:colcon.colcon_core.shell:Creating prefix script '/home/robot/robot_ws/nera_bot/install/local_setup.bash'
[1.124s] INFO:colcon.colcon_core.shell:Creating prefix chain script '/home/robot/robot_ws/nera_bot/install/setup.bash'
[1.125s] INFO:colcon.colcon_core.shell:Creating prefix script '/home/robot/robot_ws/nera_bot/install/local_setup.zsh'
[1.126s] INFO:colcon.colcon_core.shell:Creating prefix chain script '/home/robot/robot_ws/nera_bot/install/setup.zsh'
