[0.015s] Invoking command in '/home/robot/robot_ws/nera_bot/build/nera_bot': CMAKE_PREFIX_PATH=${CMAKE_PREFIX_PATH}:/opt/ros/jazzy /usr/bin/cmake /home/robot/robot_ws/nera_bot -DAMENT_CMAKE_SYMLINK_INSTALL=1 -DCMAKE_INSTALL_PREFIX=/home/robot/robot_ws/nera_bot/install/nera_bot
[0.076s] -- Found ament_cmake: 2.5.3 (/opt/ros/jazzy/share/ament_cmake/cmake)
[0.395s] -- Override CMake install command with custom implementation using symlinks instead of copying resources
[0.416s] -- Found ament_lint_auto: 0.17.1 (/opt/ros/jazzy/share/ament_lint_auto/cmake)
[0.577s] -- Added test 'copyright' to check source files copyright and LICENSE
[0.641s] -- Added test 'cppcheck' to perform static code analysis on C / C++ code
[0.641s] -- Configured cppcheck include dirs: 
[0.642s] -- Configured cppcheck exclude dirs and/or files: 
[0.688s] -- Added test 'cpplint' to check C / C++ code against the Google style
[0.688s] -- Configured cpplint exclude dirs and/or files: 
[0.695s] -- Added test 'flake8' to check Python code syntax and style conventions
[0.695s] -- Configured 'flake8' exclude dirs and/or files: 
[0.707s] -- Added test 'lint_cmake' to check CMake code style
[0.714s] -- Added test 'pep257' to check Python code against some of the docstring style conventions in PEP 257
[0.761s] -- Added test 'uncrustify' to check C / C++ code style
[0.761s] -- Configured uncrustify additional arguments: 
[0.767s] -- Added test 'xmllint' to check XML markup files
[0.769s] -- Configuring done (0.7s)
[0.778s] -- Generating done (0.0s)
[0.781s] -- Build files have been written to: /home/robot/robot_ws/nera_bot/build/nera_bot
[0.788s] Invoked command in '/home/robot/robot_ws/nera_bot/build/nera_bot' returned '0': CMAKE_PREFIX_PATH=${CMAKE_PREFIX_PATH}:/opt/ros/jazzy /usr/bin/cmake /home/robot/robot_ws/nera_bot -DAMENT_CMAKE_SYMLINK_INSTALL=1 -DCMAKE_INSTALL_PREFIX=/home/robot/robot_ws/nera_bot/install/nera_bot
[0.790s] Invoking command in '/home/robot/robot_ws/nera_bot/build/nera_bot': CMAKE_PREFIX_PATH=${CMAKE_PREFIX_PATH}:/opt/ros/jazzy /usr/bin/cmake --build /home/robot/robot_ws/nera_bot/build/nera_bot -- -j4 -l4
[0.859s] Invoked command in '/home/robot/robot_ws/nera_bot/build/nera_bot' returned '0': CMAKE_PREFIX_PATH=${CMAKE_PREFIX_PATH}:/opt/ros/jazzy /usr/bin/cmake --build /home/robot/robot_ws/nera_bot/build/nera_bot -- -j4 -l4
[0.877s] Invoking command in '/home/robot/robot_ws/nera_bot/build/nera_bot': CMAKE_PREFIX_PATH=${CMAKE_PREFIX_PATH}:/opt/ros/jazzy /usr/bin/cmake --install /home/robot/robot_ws/nera_bot/build/nera_bot
[0.891s] -- Install configuration: ""
[0.892s] -- Execute custom install script
[0.892s] -- Symlinking: /home/robot/robot_ws/nera_bot/install/nera_bot/share/nera_bot/config/D435i_realsense.yaml
[0.908s] -- Symlinking: /home/robot/robot_ws/nera_bot/install/nera_bot/share/nera_bot/config/camera.rviz
[0.923s] -- Up-to-date symlink: /home/robot/robot_ws/nera_bot/install/nera_bot/share/nera_bot/config/empty.yaml
[0.923s] -- Up-to-date symlink: /home/robot/robot_ws/nera_bot/install/nera_bot/share/nera_bot/config/gaz_ros2_ctl_use_sim.yaml
[0.924s] -- Up-to-date symlink: /home/robot/robot_ws/nera_bot/install/nera_bot/share/nera_bot/config/gz_bridge.yaml
[0.924s] -- Up-to-date symlink: /home/robot/robot_ws/nera_bot/install/nera_bot/share/nera_bot/config/imu_filter.yaml
[0.924s] -- Up-to-date symlink: /home/robot/robot_ws/nera_bot/install/nera_bot/share/nera_bot/config/joystick.yaml
[0.924s] -- Up-to-date symlink: /home/robot/robot_ws/nera_bot/install/nera_bot/share/nera_bot/config/my_controllers.yaml
[0.924s] -- Up-to-date symlink: /home/robot/robot_ws/nera_bot/install/nera_bot/share/nera_bot/config/robot_localization.yaml
[0.924s] -- Up-to-date symlink: /home/robot/robot_ws/nera_bot/install/nera_bot/share/nera_bot/config/twist_mux.yaml
[0.924s] -- Up-to-date symlink: /home/robot/robot_ws/nera_bot/install/nera_bot/share/nera_bot/config/view_bot.rviz
[0.925s] -- Up-to-date symlink: /home/robot/robot_ws/nera_bot/install/nera_bot/share/nera_bot/description/depth_camera.xacro
[0.925s] -- Up-to-date symlink: /home/robot/robot_ws/nera_bot/install/nera_bot/share/nera_bot/description/imu.xacro
[0.925s] -- Up-to-date symlink: /home/robot/robot_ws/nera_bot/install/nera_bot/share/nera_bot/description/inertial_macros.xacro
[0.925s] -- Up-to-date symlink: /home/robot/robot_ws/nera_bot/install/nera_bot/share/nera_bot/description/robot.urdf.xacro
[0.925s] -- Up-to-date symlink: /home/robot/robot_ws/nera_bot/install/nera_bot/share/nera_bot/description/robot_core.xacro
[0.925s] -- Up-to-date symlink: /home/robot/robot_ws/nera_bot/install/nera_bot/share/nera_bot/description/ros2_control.xacro
[0.926s] -- Symlinking: /home/robot/robot_ws/nera_bot/install/nera_bot/share/nera_bot/launch/camera.launch.py
[0.942s] -- Up-to-date symlink: /home/robot/robot_ws/nera_bot/install/nera_bot/share/nera_bot/launch/joystick.launch.py
[0.942s] -- Up-to-date symlink: /home/robot/robot_ws/nera_bot/install/nera_bot/share/nera_bot/launch/launch_robot.launch.py
[0.942s] -- Up-to-date symlink: /home/robot/robot_ws/nera_bot/install/nera_bot/share/nera_bot/launch/launch_sim.launch.py
[0.942s] -- Up-to-date symlink: /home/robot/robot_ws/nera_bot/install/nera_bot/share/nera_bot/launch/rsp.launch.py
[0.942s] -- Up-to-date symlink: /home/robot/robot_ws/nera_bot/install/nera_bot/share/nera_bot/worlds/empty.world
[0.943s] -- Up-to-date symlink: /home/robot/robot_ws/nera_bot/install/nera_bot/share/ament_index/resource_index/package_run_dependencies/nera_bot
[0.943s] -- Up-to-date symlink: /home/robot/robot_ws/nera_bot/install/nera_bot/share/ament_index/resource_index/parent_prefix_path/nera_bot
[0.943s] -- Up-to-date symlink: /home/robot/robot_ws/nera_bot/install/nera_bot/share/nera_bot/environment/ament_prefix_path.sh
[0.943s] -- Up-to-date symlink: /home/robot/robot_ws/nera_bot/install/nera_bot/share/nera_bot/environment/ament_prefix_path.dsv
[0.943s] -- Up-to-date symlink: /home/robot/robot_ws/nera_bot/install/nera_bot/share/nera_bot/environment/path.sh
[0.944s] -- Up-to-date symlink: /home/robot/robot_ws/nera_bot/install/nera_bot/share/nera_bot/environment/path.dsv
[0.944s] -- Up-to-date symlink: /home/robot/robot_ws/nera_bot/install/nera_bot/share/nera_bot/local_setup.bash
[0.944s] -- Up-to-date symlink: /home/robot/robot_ws/nera_bot/install/nera_bot/share/nera_bot/local_setup.sh
[0.944s] -- Up-to-date symlink: /home/robot/robot_ws/nera_bot/install/nera_bot/share/nera_bot/local_setup.zsh
[0.944s] -- Up-to-date symlink: /home/robot/robot_ws/nera_bot/install/nera_bot/share/nera_bot/local_setup.dsv
[0.945s] -- Symlinking: /home/robot/robot_ws/nera_bot/install/nera_bot/share/nera_bot/package.dsv
[0.962s] -- Up-to-date symlink: /home/robot/robot_ws/nera_bot/install/nera_bot/share/ament_index/resource_index/packages/nera_bot
[0.962s] -- Up-to-date symlink: /home/robot/robot_ws/nera_bot/install/nera_bot/share/nera_bot/cmake/nera_botConfig.cmake
[0.962s] -- Up-to-date symlink: /home/robot/robot_ws/nera_bot/install/nera_bot/share/nera_bot/cmake/nera_botConfig-version.cmake
[0.963s] -- Up-to-date symlink: /home/robot/robot_ws/nera_bot/install/nera_bot/share/nera_bot/package.xml
[0.966s] Invoked command in '/home/robot/robot_ws/nera_bot/build/nera_bot' returned '0': CMAKE_PREFIX_PATH=${CMAKE_PREFIX_PATH}:/opt/ros/jazzy /usr/bin/cmake --install /home/robot/robot_ws/nera_bot/build/nera_bot
